#
# A fatal error has been detected by the Java Runtime Environment:
#
#  EXCEPTION_ACCESS_VIOLATION (0xc0000005) at pc=0x0000000004f880e0, pid=4252, tid=0x0000000000001cbc
#
# JRE version: Java(TM) SE Runtime Environment (8.0_171-b11) (build 1.8.0_171-b11)
# Java VM: Java HotSpot(TM) 64-Bit Server VM (25.171-b11 mixed mode windows-amd64 compressed oops)
# Problematic frame:
# j  java.util.concurrent.ConcurrentHashMap.transfer([Ljava/util/concurrent/ConcurrentHashMap$Node;[Ljava/util/concurrent/ConcurrentHashMap$Node;)V+346
#
# Failed to write core dump. Minidumps are not enabled by default on client versions of Windows
#
# If you would like to submit a bug report, please visit:
#   http://bugreport.java.com/bugreport/crash.jsp
#

---------------  T H R E A D  ---------------

Current thread (0x0000000004e86800):  JavaThread "main" [_thread_in_Java, id=7356, stack(0x0000000004810000,0x0000000004910000)]

siginfo: ExceptionCode=0xc0000005, ExceptionInformation=0x0000000000000008 0x0000000077709eba

Registers:
RAX=0x00000000816643e0, RBX=0x0000000100036fe8, RCX=0x0000000000000002, RDX=0x00000000816527f8
RSP=0x000000000490ca80, RBP=0x000000000490cae8, RSI=0x000000000040b2b2, RDI=0x0000000100036fe8
R8 =0x0000000000003d20, R9 =0x00000000816643e0, R10=0x0000000000000010, R11=0x00000000050f0560
R12=0x0000000000000000, R13=0x000000000490ca88, R14=0x000000000490cbc8, R15=0x0000000004e86800
RIP=0x0000000004f880e0, EFLAGS=0x0000000000010246

Top of Stack: (sp=0x000000000490ca80)
0x000000000490ca80:   0000000004f880e0 0000000000000f44
0x000000000490ca90:   00000000816527f8 0000000000000011
0x000000000490caa0:   00000000816643e0 000000000490ca98
0x000000000490cab0:   0000000019310c82 000000000490cbc8
0x000000000490cac0:   0000000019313508 0000000000000000
0x000000000490cad0:   0000000019310f00 000000000490ca88
0x000000000490cae0:   000000000490cbd0 000000000490d250
0x000000000490caf0:   000000000511c28c 0000000000000000
0x000000000490cb00:   0000000000000000 0000000000000000
0x000000000490cb10:   0000000000000000 0000000000000000
0x000000000490cb20:   0000000081663ca8 0000000081663bf8
0x000000000490cb30:   0000000000001000 0000000081664368
0x000000000490cb40:   0000000081664368 0000000000001000
0x000000000490cb50:   0000000081664368 0000000000000000
0x000000000490cb60:   00000000816643e0 0000000072a0df44
0x000000000490cb70:   00000000816643e0 0000000000000f00 

Instructions: (pc=0x0000000004f880e0)
0x0000000004f880c0:   e3 ff 00 00 00 48 8d 24 dc 41 0f b6 5d 05 49 83
0x0000000004f880d0:   c5 05 49 ba f0 aa 25 51 00 00 00 00 41 ff 24 da
0x0000000004f880e0:   48 8b 65 f0 48 c7 45 f0 00 00 00 00 4c 8b 6d c8
0x0000000004f880f0:   4c 8b 75 d0 48 8b 5d e0 48 85 db 0f 84 82 00 00 


Register to memory mapping:

RAX=0x00000000816643e0 is an oop
java.util.concurrent.ConcurrentHashMap$Node 
 - klass: 'java/util/concurrent/ConcurrentHashMap$Node'
RBX=0x0000000100036fe8 is pointing into metadata
RCX=0x0000000000000002 is an unknown value
RDX=0x00000000816527f8 is an oop
[Ljava.util.concurrent.ConcurrentHashMap$Node; 
 - klass: 'java/util/concurrent/ConcurrentHashMap$Node'[]
 - length: 4096
RSP=0x000000000490ca80 is pointing into the stack for thread: 0x0000000004e86800
RBP=0x000000000490cae8 is pointing into the stack for thread: 0x0000000004e86800
RSI=0x000000000040b2b2 is an unknown value
RDI=0x0000000100036fe8 is pointing into metadata
R8 =0x0000000000003d20 is an unknown value
R9 =0x00000000816643e0 is an oop
java.util.concurrent.ConcurrentHashMap$Node 
 - klass: 'java/util/concurrent/ConcurrentHashMap$Node'
R10=0x0000000000000010 is an unknown value
R11=0x00000000050f0560 is at entry_point+0 in (nmethod*)0x00000000050f0410
R12=0x0000000000000000 is an unknown value
R13=0x000000000490ca88 is pointing into the stack for thread: 0x0000000004e86800
R14=0x000000000490cbc8 is pointing into the stack for thread: 0x0000000004e86800
R15=0x0000000004e86800 is a thread


Stack: [0x0000000004810000,0x0000000004910000],  sp=0x000000000490ca80,  free space=1010k
Native frames: (J=compiled Java code, j=interpreted, Vv=VM code, C=native code)
C  0x0000000004f880e0


---------------  P R O C E S S  ---------------

Java Threads: ( => current thread )
  0x000000001c14c800 JavaThread "RMI TCP Connection(4)-127.0.0.1" daemon [_thread_in_native, id=5584, stack(0x000000001e3d0000,0x000000001e4d0000)]
  0x000000001bcdb800 JavaThread "RMI TCP Connection(3)-127.0.0.1" daemon [_thread_in_native, id=16640, stack(0x000000001cb00000,0x000000001cc00000)]
  0x000000001bc89000 JavaThread "RMI Scheduler(0)" daemon [_thread_blocked, id=9544, stack(0x000000001ca00000,0x000000001cb00000)]
  0x000000001bc8e000 JavaThread "RMI TCP Connection(1)-127.0.0.1" daemon [_thread_in_native, id=3044, stack(0x000000001c800000,0x000000001c900000)]
  0x000000001bb6d800 JavaThread "RMI TCP Accept-0" daemon [_thread_in_native, id=18372, stack(0x000000001c360000,0x000000001c460000)]
  0x000000001bb00800 JavaThread "RMI TCP Accept-62812" daemon [_thread_in_native, id=9372, stack(0x000000001c260000,0x000000001c360000)]
  0x000000001bafc000 JavaThread "RMI TCP Accept-0" daemon [_thread_in_native, id=16184, stack(0x000000001c160000,0x000000001c260000)]
  0x000000001b1ce000 JavaThread "Service Thread" daemon [_thread_blocked, id=14752, stack(0x000000001b860000,0x000000001b960000)]
  0x000000001b161800 JavaThread "C1 CompilerThread2" daemon [_thread_blocked, id=17788, stack(0x000000001b760000,0x000000001b860000)]
  0x000000001b134800 JavaThread "C2 CompilerThread1" daemon [_thread_blocked, id=11560, stack(0x000000001b660000,0x000000001b760000)]
  0x000000001b133000 JavaThread "C2 CompilerThread0" daemon [_thread_blocked, id=17896, stack(0x000000001b560000,0x000000001b660000)]
  0x000000001b0fe000 JavaThread "Monitor Ctrl-Break" daemon [_thread_in_native, id=11428, stack(0x000000001b460000,0x000000001b560000)]
  0x0000000019b17800 JavaThread "Attach Listener" daemon [_thread_blocked, id=7656, stack(0x000000001b360000,0x000000001b460000)]
  0x0000000019b02800 JavaThread "Signal Dispatcher" daemon [_thread_blocked, id=3764, stack(0x000000001b260000,0x000000001b360000)]
  0x0000000019ade800 JavaThread "Finalizer" daemon [_thread_blocked, id=18048, stack(0x000000001ad60000,0x000000001ae60000)]
  0x0000000004f76000 JavaThread "Reference Handler" daemon [_thread_blocked, id=15260, stack(0x000000001ac60000,0x000000001ad60000)]
=>0x0000000004e86800 JavaThread "main" [_thread_in_Java, id=7356, stack(0x0000000004810000,0x0000000004910000)]

Other Threads:
  0x0000000019ab7800 VMThread [stack: 0x000000001ab60000,0x000000001ac60000] [id=5244]
  0x000000001bb0f800 WatcherThread [stack: 0x000000001c460000,0x000000001c560000] [id=17112]

VM state:not at safepoint (normal execution)

VM Mutex/Monitor currently owned by a thread: None

Heap:
 PSYoungGen      total 71680K, used 25317K [0x00000000d5c00000, 0x00000000dd000000, 0x0000000100000000)
  eden space 66560K, 30% used [0x00000000d5c00000,0x00000000d6fbc098,0x00000000d9d00000)
  from space 5120K, 99% used [0x00000000d9d00000,0x00000000da1fd6d0,0x00000000da200000)
  to   space 8704K, 0% used [0x00000000dc780000,0x00000000dc780000,0x00000000dd000000)
 ParOldGen       total 58880K, used 8352K [0x0000000081400000, 0x0000000084d80000, 0x00000000d5c00000)
  object space 58880K, 14% used [0x0000000081400000,0x0000000081c28328,0x0000000084d80000)
 Metaspace       used 25448K, capacity 26309K, committed 26496K, reserved 1073152K
  class space    used 3458K, capacity 3683K, committed 3712K, reserved 1048576K

Card table byte_map: [0x0000000014340000,0x0000000014740000] byte_map_base: 0x0000000013f36000

Marking Bits: (ParMarkBitMap*) 0x00000000512708c0
 Begin Bits: [0x0000000014df0000, 0x0000000016da0000)
 End Bits:   [0x0000000016da0000, 0x0000000018d50000)

Polling page: 0x00000000007f0000

CodeCache: size=245760Kb used=5039Kb max_used=5039Kb free=240720Kb
 bounds [0x0000000004f80000, 0x0000000005470000, 0x0000000013f80000]
 total_blobs=2674 nmethods=2258 adapters=328
 compilation: enabled

Compilation events (10 events):
Event: 4.428 Thread 0x000000001b161800 2255       1       org.springframework.beans.BeanMetadataAttribute::getValue (5 bytes)
Event: 4.428 Thread 0x000000001b161800 nmethod 2255 0x0000000005469750 code [0x00000000054698a0, 0x00000000054699b0]
Event: 4.428 Thread 0x000000001b161800 2256       1       org.springframework.beans.BeanMetadataAttributeAccessor::getAttribute (22 bytes)
Event: 4.429 Thread 0x000000001b161800 nmethod 2256 0x0000000005469a10 code [0x0000000005469b80, 0x0000000005469dd8]
Event: 4.429 Thread 0x000000001b161800 2257       1       org.springframework.core.AttributeAccessorSupport::getAttribute (17 bytes)
Event: 4.429 Thread 0x000000001b161800 nmethod 2257 0x0000000005469f90 code [0x000000000546a100, 0x000000000546a2f8]
Event: 4.435 Thread 0x000000001b161800 2258       1       org.springframework.util.Assert::isTrue (14 bytes)
Event: 4.436 Thread 0x000000001b161800 nmethod 2258 0x000000000546a410 code [0x000000000546a580, 0x000000000546a708]
Event: 4.461 Thread 0x000000001b161800 2259  s    1       java.lang.StringBuffer::length (5 bytes)
Event: 4.461 Thread 0x000000001b161800 nmethod 2259 0x000000000546a7d0 code [0x000000000546a920, 0x000000000546ab90]

GC Heap History (10 events):
Event: 2.321 GC heap before
{Heap before GC invocations=2 (full 0):
 PSYoungGen      total 38400K, used 37824K [0x00000000d5c00000, 0x00000000d8680000, 0x0000000100000000)
  eden space 33280K, 100% used [0x00000000d5c00000,0x00000000d7c80000,0x00000000d7c80000)
  from space 5120K, 88% used [0x00000000d7c80000,0x00000000d80f03a8,0x00000000d8180000)
  to   space 5120K, 0% used [0x00000000d8180000,0x00000000d8180000,0x00000000d8680000)
 ParOldGen       total 87552K, used 8K [0x0000000081400000, 0x0000000086980000, 0x00000000d5c00000)
  object space 87552K, 0% used [0x0000000081400000,0x0000000081402000,0x0000000086980000)
 Metaspace       used 15017K, capacity 15544K, committed 15744K, reserved 1062912K
  class space    used 1975K, capacity 2124K, committed 2176K, reserved 1048576K
Event: 2.332 GC heap after
Heap after GC invocations=2 (full 0):
 PSYoungGen      total 38400K, used 5106K [0x00000000d5c00000, 0x00000000da700000, 0x0000000100000000)
  eden space 33280K, 0% used [0x00000000d5c00000,0x00000000d5c00000,0x00000000d7c80000)
  from space 5120K, 99% used [0x00000000d8180000,0x00000000d867c968,0x00000000d8680000)
  to   space 5120K, 0% used [0x00000000d7c80000,0x00000000d7c80000,0x00000000d8180000)
 ParOldGen       total 87552K, used 1246K [0x0000000081400000, 0x0000000086980000, 0x00000000d5c00000)
  object space 87552K, 1% used [0x0000000081400000,0x0000000081537908,0x0000000086980000)
 Metaspace       used 15017K, capacity 15544K, committed 15744K, reserved 1062912K
  class space    used 1975K, capacity 2124K, committed 2176K, reserved 1048576K
}
Event: 2.720 GC heap before
{Heap before GC invocations=3 (full 0):
 PSYoungGen      total 38400K, used 38386K [0x00000000d5c00000, 0x00000000da700000, 0x0000000100000000)
  eden space 33280K, 100% used [0x00000000d5c00000,0x00000000d7c80000,0x00000000d7c80000)
  from space 5120K, 99% used [0x00000000d8180000,0x00000000d867c968,0x00000000d8680000)
  to   space 5120K, 0% used [0x00000000d7c80000,0x00000000d7c80000,0x00000000d8180000)
 ParOldGen       total 87552K, used 1246K [0x0000000081400000, 0x0000000086980000, 0x00000000d5c00000)
  object space 87552K, 1% used [0x0000000081400000,0x0000000081537908,0x0000000086980000)
 Metaspace       used 17823K, capacity 18418K, committed 18560K, reserved 1064960K
  class space    used 2420K, capacity 2585K, committed 2688K, reserved 1048576K
Event: 2.733 GC heap after
Heap after GC invocations=3 (full 0):
 PSYoungGen      total 38400K, used 5104K [0x00000000d5c00000, 0x00000000da700000, 0x0000000100000000)
  eden space 33280K, 0% used [0x00000000d5c00000,0x00000000d5c00000,0x00000000d7c80000)
  from space 5120K, 99% used [0x00000000d7c80000,0x00000000d817c2e8,0x00000000d8180000)
  to   space 5120K, 0% used [0x00000000da200000,0x00000000da200000,0x00000000da700000)
 ParOldGen       total 87552K, used 3366K [0x0000000081400000, 0x0000000086980000, 0x00000000d5c00000)
  object space 87552K, 3% used [0x0000000081400000,0x0000000081749b18,0x0000000086980000)
 Metaspace       used 17823K, capacity 18418K, committed 18560K, reserved 1064960K
  class space    used 2420K, capacity 2585K, committed 2688K, reserved 1048576K
}
Event: 2.974 GC heap before
{Heap before GC invocations=4 (full 0):
 PSYoungGen      total 38400K, used 27742K [0x00000000d5c00000, 0x00000000da700000, 0x0000000100000000)
  eden space 33280K, 68% used [0x00000000d5c00000,0x00000000d721b5e8,0x00000000d7c80000)
  from space 5120K, 99% used [0x00000000d7c80000,0x00000000d817c2e8,0x00000000d8180000)
  to   space 5120K, 0% used [0x00000000da200000,0x00000000da200000,0x00000000da700000)
 ParOldGen       total 87552K, used 3366K [0x0000000081400000, 0x0000000086980000, 0x00000000d5c00000)
  object space 87552K, 3% used [0x0000000081400000,0x0000000081749b18,0x0000000086980000)
 Metaspace       used 20522K, capacity 21149K, committed 21296K, reserved 1067008K
  class space    used 2751K, capacity 2944K, committed 2944K, reserved 1048576K
Event: 2.987 GC heap after
Heap after GC invocations=4 (full 0):
 PSYoungGen      total 71680K, used 5096K [0x00000000d5c00000, 0x00000000da700000, 0x0000000100000000)
  eden space 66560K, 0% used [0x00000000d5c00000,0x00000000d5c00000,0x00000000d9d00000)
  from space 5120K, 99% used [0x00000000da200000,0x00000000da6fa040,0x00000000da700000)
  to   space 5120K, 0% used [0x00000000d9d00000,0x00000000d9d00000,0x00000000da200000)
 ParOldGen       total 87552K, used 5751K [0x0000000081400000, 0x0000000086980000, 0x00000000d5c00000)
  object space 87552K, 6% used [0x0000000081400000,0x000000008199df88,0x0000000086980000)
 Metaspace       used 20522K, capacity 21149K, committed 21296K, reserved 1067008K
  class space    used 2751K, capacity 2944K, committed 2944K, reserved 1048576K
}
Event: 2.987 GC heap before
{Heap before GC invocations=5 (full 1):
 PSYoungGen      total 71680K, used 5096K [0x00000000d5c00000, 0x00000000da700000, 0x0000000100000000)
  eden space 66560K, 0% used [0x00000000d5c00000,0x00000000d5c00000,0x00000000d9d00000)
  from space 5120K, 99% used [0x00000000da200000,0x00000000da6fa040,0x00000000da700000)
  to   space 5120K, 0% used [0x00000000d9d00000,0x00000000d9d00000,0x00000000da200000)
 ParOldGen       total 87552K, used 5751K [0x0000000081400000, 0x0000000086980000, 0x00000000d5c00000)
  object space 87552K, 6% used [0x0000000081400000,0x000000008199df88,0x0000000086980000)
 Metaspace       used 20522K, capacity 21149K, committed 21296K, reserved 1067008K
  class space    used 2751K, capacity 2944K, committed 2944K, reserved 1048576K
Event: 3.056 GC heap after
Heap after GC invocations=5 (full 1):
 PSYoungGen      total 71680K, used 0K [0x00000000d5c00000, 0x00000000da700000, 0x0000000100000000)
  eden space 66560K, 0% used [0x00000000d5c00000,0x00000000d5c00000,0x00000000d9d00000)
  from space 5120K, 0% used [0x00000000da200000,0x00000000da200000,0x00000000da700000)
  to   space 5120K, 0% used [0x00000000d9d00000,0x00000000d9d00000,0x00000000da200000)
 ParOldGen       total 58880K, used 7366K [0x0000000081400000, 0x0000000084d80000, 0x00000000d5c00000)
  object space 58880K, 12% used [0x0000000081400000,0x0000000081b31be0,0x0000000084d80000)
 Metaspace       used 20520K, capacity 21143K, committed 21296K, reserved 1067008K
  class space    used 2750K, capacity 2943K, committed 2944K, reserved 1048576K
}
Event: 4.153 GC heap before
{Heap before GC invocations=6 (full 1):
 PSYoungGen      total 71680K, used 66560K [0x00000000d5c00000, 0x00000000da700000, 0x0000000100000000)
  eden space 66560K, 100% used [0x00000000d5c00000,0x00000000d9d00000,0x00000000d9d00000)
  from space 5120K, 0% used [0x00000000da200000,0x00000000da200000,0x00000000da700000)
  to   space 5120K, 0% used [0x00000000d9d00000,0x00000000d9d00000,0x00000000da200000)
 ParOldGen       total 58880K, used 7366K [0x0000000081400000, 0x0000000084d80000, 0x00000000d5c00000)
  object space 58880K, 12% used [0x0000000081400000,0x0000000081b31be0,0x0000000084d80000)
 Metaspace       used 23876K, capacity 24755K, committed 24960K, reserved 1071104K
  class space    used 3209K, capacity 3424K, committed 3456K, reserved 1048576K
Event: 4.169 GC heap after
Heap after GC invocations=6 (full 1):
 PSYoungGen      total 71680K, used 5109K [0x00000000d5c00000, 0x00000000dd000000, 0x0000000100000000)
  eden space 66560K, 0% used [0x00000000d5c00000,0x00000000d5c00000,0x00000000d9d00000)
  from space 5120K, 99% used [0x00000000d9d00000,0x00000000da1fd6d0,0x00000000da200000)
  to   space 8704K, 0% used [0x00000000dc780000,0x00000000dc780000,0x00000000dd000000)
 ParOldGen       total 58880K, used 8352K [0x0000000081400000, 0x0000000084d80000, 0x00000000d5c00000)
  object space 58880K, 14% used [0x0000000081400000,0x0000000081c28328,0x0000000084d80000)
 Metaspace       used 23876K, capacity 24755K, committed 24960K, reserved 1071104K
  class space    used 3209K, capacity 3424K, committed 3456K, reserved 1048576K
}

Deoptimization events (0 events):
No events

Classes redefined (0 events):
No events

Internal exceptions (10 events):
Event: 3.875 Thread 0x0000000004e86800 Exception <a 'java/lang/ArrayIndexOutOfBoundsException'> (0x00000000d8f8fb50) thrown at [C:\re\workspace\8-2-build-windows-amd64-cygwin\jdk8u171\10807\hotspot\src\share\vm\runtime\sharedRuntime.cpp, line 605]
Event: 3.875 Thread 0x0000000004e86800 Exception <a 'java/lang/ArrayIndexOutOfBoundsException'> (0x00000000d8f912b0) thrown at [C:\re\workspace\8-2-build-windows-amd64-cygwin\jdk8u171\10807\hotspot\src\share\vm\runtime\sharedRuntime.cpp, line 605]
Event: 3.932 Thread 0x0000000004e86800 Exception <a 'java/lang/ArrayIndexOutOfBoundsException'> (0x00000000d9315300) thrown at [C:\re\workspace\8-2-build-windows-amd64-cygwin\jdk8u171\10807\hotspot\src\share\vm\runtime\sharedRuntime.cpp, line 605]
Event: 3.932 Thread 0x0000000004e86800 Exception <a 'java/lang/ArrayIndexOutOfBoundsException'> (0x00000000d9316118) thrown at [C:\re\workspace\8-2-build-windows-amd64-cygwin\jdk8u171\10807\hotspot\src\share\vm\runtime\sharedRuntime.cpp, line 605]
Event: 3.932 Thread 0x0000000004e86800 Exception <a 'java/lang/NullPointerException'> (0x00000000d93169d0) thrown at [C:\re\workspace\8-2-build-windows-amd64-cygwin\jdk8u171\10807\hotspot\src\share\vm\interpreter\linkResolver.cpp, line 1185]
Event: 3.932 Thread 0x0000000004e86800 Exception <a 'java/lang/NullPointerException'> (0x00000000d93176c8) thrown at [C:\re\workspace\8-2-build-windows-amd64-cygwin\jdk8u171\10807\hotspot\src\share\vm\interpreter\linkResolver.cpp, line 1185]
Event: 4.195 Thread 0x000000001bcdb800 Exception <a 'java/lang/reflect/InvocationTargetException'> (0x00000000d5d26d98) thrown at [C:\re\workspace\8-2-build-windows-amd64-cygwin\jdk8u171\10807\hotspot\src\share\vm\runtime\reflection.cpp, line 1092]
Event: 4.263 Thread 0x0000000004e86800 Exception <a 'java/lang/ArrayIndexOutOfBoundsException'> (0x00000000d62175b0) thrown at [C:\re\workspace\8-2-build-windows-amd64-cygwin\jdk8u171\10807\hotspot\src\share\vm\runtime\sharedRuntime.cpp, line 605]
Event: 4.304 Thread 0x0000000004e86800 Exception <a 'java/lang/ArrayIndexOutOfBoundsException'> (0x00000000d64d2b40) thrown at [C:\re\workspace\8-2-build-windows-amd64-cygwin\jdk8u171\10807\hotspot\src\share\vm\runtime\sharedRuntime.cpp, line 605]
Event: 4.394 Thread 0x0000000004e86800 Exception <a 'java/lang/ArrayIndexOutOfBoundsException'> (0x00000000d684f328) thrown at [C:\re\workspace\8-2-build-windows-amd64-cygwin\jdk8u171\10807\hotspot\src\share\vm\runtime\sharedRuntime.cpp, line 605]

Events (10 events):
Event: 4.477 loading class org/springframework/cglib/core/CodeEmitter$State
Event: 4.477 loading class org/springframework/cglib/core/CodeEmitter$State done
Event: 4.477 loading class org/springframework/cglib/core/MethodInfo
Event: 4.477 loading class org/springframework/cglib/core/MethodInfo done
Event: 4.478 loading class org/springframework/cglib/core/ClassEmitter$FieldInfo
Event: 4.478 loading class org/springframework/cglib/core/ClassEmitter$FieldInfo done
Event: 4.478 loading class org/springframework/asm/FieldWriter
Event: 4.478 loading class org/springframework/asm/FieldWriter done
Event: 4.479 loading class org/springframework/asm/Edge
Event: 4.479 loading class org/springframework/asm/Edge done


Dynamic libraries:
0x00007ff74b580000 - 0x00007ff74b5b7000 	C:\Program Files\Java\jdk1.8.0_171\bin\java.exe
0x00007ffd5eb20000 - 0x00007ffd5ed00000 	C:\windows\SYSTEM32\ntdll.dll
0x00007ffd5cbe0000 - 0x00007ffd5cc8e000 	C:\windows\System32\KERNEL32.DLL
0x00007ffd5b810000 - 0x00007ffd5ba76000 	C:\windows\System32\KERNELBASE.dll
0x00007ffd5e4c0000 - 0x00007ffd5e561000 	C:\windows\System32\ADVAPI32.dll
0x00007ffd5e570000 - 0x00007ffd5e60d000 	C:\windows\System32\msvcrt.dll
0x00007ffd5e200000 - 0x00007ffd5e25b000 	C:\windows\System32\sechost.dll
0x00007ffd5c450000 - 0x00007ffd5c56f000 	C:\windows\System32\RPCRT4.dll
0x00007ffd5e900000 - 0x00007ffd5ea8f000 	C:\windows\System32\USER32.dll
0x00007ffd5bb00000 - 0x00007ffd5bb20000 	C:\windows\System32\win32u.dll
0x00007ffd5e460000 - 0x00007ffd5e488000 	C:\windows\System32\GDI32.dll
0x00007ffd5be50000 - 0x00007ffd5bfe3000 	C:\windows\System32\gdi32full.dll
0x00007ffd5b770000 - 0x00007ffd5b80b000 	C:\windows\System32\msvcp_win.dll
0x00007ffd5bb80000 - 0x00007ffd5bc76000 	C:\windows\System32\ucrtbase.dll
0x00007ffd4bc40000 - 0x00007ffd4bea9000 	C:\windows\WinSxS\amd64_microsoft.windows.common-controls_6595b64144ccf1df_6.0.16299.431_none_15c7d3ee93659e73\COMCTL32.dll
0x00007ffd5bff0000 - 0x00007ffd5c2f8000 	C:\windows\System32\combase.dll
0x00007ffd5ba80000 - 0x00007ffd5baf2000 	C:\windows\System32\bcryptPrimitives.dll
0x00007ffd5e490000 - 0x00007ffd5e4bd000 	C:\windows\System32\IMM32.DLL
0x0000000051440000 - 0x0000000051512000 	C:\Program Files\Java\jdk1.8.0_171\jre\bin\msvcr100.dll
0x0000000050a50000 - 0x00000000512f0000 	C:\Program Files\Java\jdk1.8.0_171\jre\bin\server\jvm.dll
0x00007ffd5c670000 - 0x00007ffd5c678000 	C:\windows\System32\PSAPI.DLL
0x00007ffd55670000 - 0x00007ffd55679000 	C:\windows\SYSTEM32\WSOCK32.dll
0x00007ffd57f40000 - 0x00007ffd57f63000 	C:\windows\SYSTEM32\WINMM.dll
0x00007ffd4df50000 - 0x00007ffd4df5a000 	C:\windows\SYSTEM32\VERSION.dll
0x00007ffd5e3f0000 - 0x00007ffd5e45c000 	C:\windows\System32\WS2_32.dll
0x00007ffd57ee0000 - 0x00007ffd57f0a000 	C:\windows\SYSTEM32\winmmbase.dll
0x00007ffd5b720000 - 0x00007ffd5b76a000 	C:\windows\System32\cfgmgr32.dll
0x0000000051430000 - 0x000000005143f000 	C:\Program Files\Java\jdk1.8.0_171\jre\bin\verify.dll
0x0000000051400000 - 0x0000000051429000 	C:\Program Files\Java\jdk1.8.0_171\jre\bin\java.dll
0x00000000513d0000 - 0x00000000513f3000 	C:\Program Files\Java\jdk1.8.0_171\jre\bin\instrument.dll
0x00000000513b0000 - 0x00000000513c6000 	C:\Program Files\Java\jdk1.8.0_171\jre\bin\zip.dll
0x00007ffd5cc90000 - 0x00007ffd5e0c8000 	C:\windows\System32\SHELL32.dll
0x00007ffd5e830000 - 0x00007ffd5e8d6000 	C:\windows\System32\shcore.dll
0x00007ffd5afd0000 - 0x00007ffd5b717000 	C:\windows\System32\windows.storage.dll
0x00007ffd5e0d0000 - 0x00007ffd5e121000 	C:\windows\System32\shlwapi.dll
0x00007ffd5aeb0000 - 0x00007ffd5aec1000 	C:\windows\System32\kernel.appcore.dll
0x00007ffd5aed0000 - 0x00007ffd5af1c000 	C:\windows\System32\powrprof.dll
0x00007ffd5ae70000 - 0x00007ffd5ae8b000 	C:\windows\System32\profapi.dll
0x00007ffd55320000 - 0x00007ffd5533a000 	F:\lanqiaoruanjian\idea\IntelliJ IDEA 2018.2.1\bin\breakgen64.dll
0x0000000051390000 - 0x00000000513aa000 	C:\Program Files\Java\jdk1.8.0_171\jre\bin\net.dll
0x00007ffd5a700000 - 0x00007ffd5a766000 	C:\windows\system32\mswsock.dll
0x0000000051380000 - 0x000000005138d000 	C:\Program Files\Java\jdk1.8.0_171\jre\bin\management.dll
0x0000000051360000 - 0x0000000051371000 	C:\Program Files\Java\jdk1.8.0_171\jre\bin\nio.dll
0x00007ffd4cf10000 - 0x00007ffd4cf26000 	C:\windows\system32\napinsp.dll
0x00007ffd4cee0000 - 0x00007ffd4cefa000 	C:\windows\system32\pnrpnsp.dll
0x00007ffd57af0000 - 0x00007ffd57b08000 	C:\windows\system32\NLAapi.dll
0x00007ffd5a4d0000 - 0x00007ffd5a586000 	C:\windows\SYSTEM32\DNSAPI.dll
0x00007ffd5e260000 - 0x00007ffd5e268000 	C:\windows\System32\NSI.dll
0x00007ffd5a490000 - 0x00007ffd5a4c9000 	C:\windows\SYSTEM32\IPHLPAPI.DLL
0x00007ffd4ced0000 - 0x00007ffd4cede000 	C:\windows\System32\winrnr.dll
0x00007ffd4ceb0000 - 0x00007ffd4cec5000 	C:\windows\System32\wshbth.dll
0x00007ffd52bd0000 - 0x00007ffd52bda000 	C:\Windows\System32\rasadhlp.dll
0x00007ffd52980000 - 0x00007ffd529f0000 	C:\windows\System32\fwpuclnt.dll
0x00007ffd5a9d0000 - 0x00007ffd5a9f5000 	C:\windows\SYSTEM32\bcrypt.dll
0x00007ffd5a8c0000 - 0x00007ffd5a8d7000 	C:\windows\SYSTEM32\CRYPTSP.dll
0x00007ffd5a300000 - 0x00007ffd5a333000 	C:\windows\system32\rsaenh.dll
0x00007ffd5ad70000 - 0x00007ffd5ad99000 	C:\windows\SYSTEM32\USERENV.dll
0x00007ffd5a8e0000 - 0x00007ffd5a8eb000 	C:\windows\SYSTEM32\CRYPTBASE.dll
0x00007ffd54960000 - 0x00007ffd54976000 	C:\windows\SYSTEM32\dhcpcsvc6.DLL
0x00007ffd54940000 - 0x00007ffd5495a000 	C:\windows\SYSTEM32\dhcpcsvc.DLL
0x00007ffd4d6d0000 - 0x00007ffd4d898000 	C:\windows\SYSTEM32\dbghelp.dll

VM Arguments:
jvm_args: -XX:TieredStopAtLevel=1 -Xverify:none -Dspring.output.ansi.enabled=always -Dcom.sun.management.jmxremote -Dcom.sun.management.jmxremote.port=62812 -Dcom.sun.management.jmxremote.authenticate=false -Dcom.sun.management.jmxremote.ssl=false -Djava.rmi.server.hostname=localhost -Dspring.liveBeansView.mbeanDomain -Dspring.application.admin.enabled=true -javaagent:F:\lanqiaoruanjian\idea\IntelliJ IDEA 2018.2.1\lib\idea_rt.jar=62813:F:\lanqiaoruanjian\idea\IntelliJ IDEA 2018.2.1\bin -Dfile.encoding=UTF-8 
java_command: org.lanqiao.ssm.Springboot03SsmApplication
java_class_path (initial): C:\Program Files\Java\jdk1.8.0_171\jre\lib\charsets.jar;C:\Program Files\Java\jdk1.8.0_171\jre\lib\deploy.jar;C:\Program Files\Java\jdk1.8.0_171\jre\lib\ext\access-bridge-64.jar;C:\Program Files\Java\jdk1.8.0_171\jre\lib\ext\cldrdata.jar;C:\Program Files\Java\jdk1.8.0_171\jre\lib\ext\dnsns.jar;C:\Program Files\Java\jdk1.8.0_171\jre\lib\ext\jaccess.jar;C:\Program Files\Java\jdk1.8.0_171\jre\lib\ext\jfxrt.jar;C:\Program Files\Java\jdk1.8.0_171\jre\lib\ext\localedata.jar;C:\Program Files\Java\jdk1.8.0_171\jre\lib\ext\nashorn.jar;C:\Program Files\Java\jdk1.8.0_171\jre\lib\ext\sunec.jar;C:\Program Files\Java\jdk1.8.0_171\jre\lib\ext\sunjce_provider.jar;C:\Program Files\Java\jdk1.8.0_171\jre\lib\ext\sunmscapi.jar;C:\Program Files\Java\jdk1.8.0_171\jre\lib\ext\sunpkcs11.jar;C:\Program Files\Java\jdk1.8.0_171\jre\lib\ext\zipfs.jar;C:\Program Files\Java\jdk1.8.0_171\jre\lib\javaws.jar;C:\Program Files\Java\jdk1.8.0_171\jre\lib\jce.jar;C:\Program Files\Java\jdk1.8.0_171\jre\lib\jfr.jar;C:\Program Files\Java\jdk1.8.0_171\jre\lib\jfxswt.jar;C:\Program Files\Java\jdk1.8.0_171\jre\lib\jsse.jar;C:\Program Files\Java\jdk1.8.0_171\jre\lib\management-agent.jar;C:\Program Files\Java\jdk1.8.0_171\jre\lib\plugin.jar;C:\Program Files\Java\jdk1.8.0_171\jre\lib\resources.jar;C:\Program Files\Java\jdk1.8.0_171\jre\lib\rt.jar;F:\lanqiaoruanjian\idea\project\target\classes;C:\Users\Administrator\.m2\repository\org\springframework\boot\spring-boot-starter-jdbc\2.1.2.RELEASE\spring-boot-starter-jdbc-2.1.2.RELEASE.jar;C:\Users\Administrator\.m2\repository\org\springframework\boot\spring-boot-starter\2.1.2.RELEASE\spring-boot-starter-2.1.2.RELEASE.jar;C:\Users\Administrator\.m2\repository\org\springframework\boot\spring-boot\2.1.2.RELEASE\spring-boot-2.1.2.RELEASE.jar;C:\Users\Administrator\.m2\repository\org\springframework\boot\spring-boot-starter-logging\2.1.2.RELEASE\spring-boot-starter-logging-2.1.2.RELEASE.jar;C:\Users\Administrator\.m2\repository\ch\qos\logback
Launcher Type: SUN_STANDARD

Environment Variables:
JAVA_HOME=C:\Program Files\Java\jdk1.8.0_171
CLASSPATH= .;C:\Program Files\Java\jdk1.8.0_171\lib\dt.jar;C:\Program Files\Java\jdk1.8.0_171\lib\tools.jar;
PATH=C:\Program Files\VanDyke Software\Clients\;C:\Program Files (x86)\Common Files\Oracle\Java\javapath;C:\windows\system32;C:\windows;C:\windows\System32\Wbem;C:\windows\System32\WindowsPowerShell\v1.0\;"C:\Program Files\Java\jdk1.8.0_171\bin;C:\Program Files\Java\jdk1.8.0_171\jre\bin";D:\Microsoft VS Code\bin;C:\Program Files\Java\jdk1.8.0_171\bin;C:\Program Files\Java\jdk1.8.0_171\jre\bin;F:\lanqiaoruanjian\SVN\bin;F:\lanqiaoruanjian\Git\Git\cmd;F:\lanqiaoruanjian\Git\TortoiseGit\bin;F:\lanqiaoruanjian\apache-maven-3.6.0\bin;C:\Users\Administrator\AppData\Local\Microsoft\WindowsApps;"C:\Program Files\Java\jdk1.8.0_171\bin;C:\Program Files\Java\jdk1.8.0_171\jre\bin";"C:\Program Files\Java\jdk1.8.0_171\bin;C:\Program Files\Java\jdk1.8.0_171\jre\bin";;D:\Microsoft VS Code\bin
USERNAME=Administrator
OS=Windows_NT
PROCESSOR_IDENTIFIER=Intel64 Family 6 Model 61 Stepping 4, GenuineIntel



---------------  S Y S T E M  ---------------

OS: Windows 10.0 , 64 bit Build 16299 (10.0.16299.431)

CPU:total 4 (initial active 4) (2 cores per cpu, 2 threads per core) family 6 model 61 stepping 4, cmov, cx8, fxsr, mmx, sse, sse2, sse3, ssse3, sse4.1, sse4.2, popcnt, avx, avx2, aes, clmul, erms, 3dnowpref, lzcnt, ht, tsc, tscinvbit, bmi1, bmi2, adx

Memory: 4k page, physical 8303844k(3186476k free), swap 16692452k(9449104k free)

vm_info: Java HotSpot(TM) 64-Bit Server VM (25.171-b11) for windows-amd64 JRE (1.8.0_171-b11), built on Mar 28 2018 16:06:12 by "java_re" with MS VC++ 10.0 (VS2010)

time: Tue Jan 15 17:40:57 2019
elapsed time: 4 seconds (0d 0h 0m 4s)

